1625890550118	geckodriver	INFO	Listening on 127.0.0.1:45263
1625890551076	mozrunner::runner	INFO	Running command: "/usr/bin/firefox" "--marionette" "--no-sandbox" "--disable-dev-shm-usage" "-foreground" "-no-remote" "-profile" "/tmp/rust_mozprofileyN40Gh"
[GFX1-]: glxtest: libpci missing
[GFX1-]: No GPUs detected via PCI
1625890558046	Marionette	INFO	Marionette enabled
console.warn: SearchSettings: "get: No settings file exists, new profile?" (new Error("", "(unknown module)"))
1625890576072	Marionette	INFO	Listening on port 35599
1625890576478	Marionette	WARN	TLS certificate errors will be ignored for this session
1625890579580	Marionette	WARN	Ignoring event 'pageshow' because document has an invalid readyState of 'uninitialized'.
console.log: WebExtensions: reset-default-search: starting.
console.log: WebExtensions: reset-default-search: No addons in our list are installed.
1625892274795	geckodriver	INFO	Listening on 127.0.0.1:48269
1625892275751	mozrunner::runner	INFO	Running command: "/usr/bin/firefox" "--marionette" "--no-sandbox" "--disable-dev-shm-usage" "-foreground" "-no-remote" "-profile" "/tmp/rust_mozprofileTRbymW"
[GFX1-]: glxtest: libpci missing
[GFX1-]: No GPUs detected via PCI
1625892281015	Marionette	INFO	Marionette enabled
console.warn: SearchSettings: "get: No settings file exists, new profile?" (new Error("", "(unknown module)"))
1625892299728	Marionette	INFO	Listening on port 42829
1625892299933	Marionette	WARN	TLS certificate errors will be ignored for this session
1625892304776	Marionette	WARN	Ignoring event 'pageshow' because document has an invalid readyState of 'uninitialized'.
1625892345856	geckodriver	INFO	Listening on 127.0.0.1:35901
1625892346747	mozrunner::runner	INFO	Running command: "/usr/bin/firefox" "--marionette" "--no-sandbox" "--disable-dev-shm-usage" "-foreground" "-no-remote" "-profile" "/tmp/rust_mozprofileDiI5Wi"
[GFX1-]: glxtest: libpci missing
[GFX1-]: No GPUs detected via PCI
1625892350168	Marionette	INFO	Marionette enabled
console.warn: SearchSettings: "get: No settings file exists, new profile?" (new Error("", "(unknown module)"))
1625892364620	Marionette	INFO	Listening on port 39345
1625892364981	Marionette	WARN	TLS certificate errors will be ignored for this session
1625892376529	geckodriver	INFO	Listening on 127.0.0.1:45421
1625892377543	mozrunner::runner	INFO	Running command: "/usr/bin/firefox" "--marionette" "--no-sandbox" "--disable-dev-shm-usage" "-foreground" "-no-remote" "-profile" "/tmp/rust_mozprofileL6I7vx"
[GFX1-]: glxtest: libpci missing
[GFX1-]: No GPUs detected via PCI
1625892379331	Marionette	INFO	Marionette enabled
console.warn: SearchSettings: "get: No settings file exists, new profile?" (new Error("", "(unknown module)"))
1625892389673	Marionette	INFO	Listening on port 36743
1625892389878	Marionette	WARN	TLS certificate errors will be ignored for this session
1625892393655	Marionette	WARN	Ignoring event 'pageshow' because document has an invalid readyState of 'uninitialized'.
1625892430808	geckodriver	INFO	Listening on 127.0.0.1:56815
1625892431702	mozrunner::runner	INFO	Running command: "/usr/bin/firefox" "--marionette" "--no-sandbox" "--disable-dev-shm-usage" "-foreground" "-no-remote" "-profile" "/tmp/rust_mozprofilekDr3v7"
[GFX1-]: glxtest: libpci missing
[GFX1-]: No GPUs detected via PCI
1625892435699	Marionette	INFO	Marionette enabled
console.warn: SearchSettings: "get: No settings file exists, new profile?" (new Error("", "(unknown module)"))
1625892447253	Marionette	INFO	Listening on port 38201
1625892447630	Marionette	WARN	TLS certificate errors will be ignored for this session
1625892450862	Marionette	WARN	Ignoring event 'pageshow' because document has an invalid readyState of 'uninitialized'.
console.log: WebExtensions: reset-default-search: starting.
console.log: WebExtensions: reset-default-search: No addons in our list are installed.
1625893358653	geckodriver	INFO	Listening on 127.0.0.1:35475
1625893359604	mozrunner::runner	INFO	Running command: "/usr/bin/firefox" "--marionette" "--no-sandbox" "--disable-dev-shm-usage" "-foreground" "-no-remote" "-profile" "/tmp/rust_mozprofileP6LfuQ"
[GFX1-]: glxtest: libpci missing
[GFX1-]: No GPUs detected via PCI
1625893363330	Marionette	INFO	Marionette enabled
console.warn: SearchSettings: "get: No settings file exists, new profile?" (new Error("", "(unknown module)"))
1625893375915	geckodriver	INFO	Listening on 127.0.0.1:42067
1625893376927	mozrunner::runner	INFO	Running command: "/usr/bin/firefox" "--marionette" "--no-sandbox" "--disable-dev-shm-usage" "-foreground" "-no-remote" "-profile" "/tmp/rust_mozprofilenmRFte"
[GFX1-]: glxtest: libpci missing
[GFX1-]: No GPUs detected via PCI
1625893378792	Marionette	INFO	Marionette enabled
console.warn: SearchSettings: "get: No settings file exists, new profile?" (new Error("", "(unknown module)"))
1625893389522	Marionette	INFO	Listening on port 34503
1625893389651	Marionette	WARN	TLS certificate errors will be ignored for this session
1625893392723	Marionette	WARN	Ignoring event 'pageshow' because document has an invalid readyState of 'uninitialized'.
1625893429759	geckodriver	INFO	Listening on 127.0.0.1:38861
1625893430667	mozrunner::runner	INFO	Running command: "/usr/bin/firefox" "--marionette" "--no-sandbox" "--disable-dev-shm-usage" "-foreground" "-no-remote" "-profile" "/tmp/rust_mozprofileSVFDfY"
[GFX1-]: glxtest: libpci missing
[GFX1-]: No GPUs detected via PCI
1625893434190	Marionette	INFO	Marionette enabled
console.warn: SearchSettings: "get: No settings file exists, new profile?" (new Error("", "(unknown module)"))
1625893445050	Marionette	INFO	Listening on port 44053
1625893445143	Marionette	WARN	TLS certificate errors will be ignored for this session
1625893447848	Marionette	WARN	Ignoring event 'pageshow' because document has an invalid readyState of 'uninitialized'.
1625893859111	geckodriver	INFO	Listening on 127.0.0.1:46787
1625893860061	mozrunner::runner	INFO	Running command: "/usr/bin/firefox" "--marionette" "--no-sandbox" "--disable-dev-shm-usage" "-foreground" "-no-remote" "-profile" "/tmp/rust_mozprofiletXIXez"
[GFX1-]: glxtest: libpci missing
[GFX1-]: No GPUs detected via PCI
1625893865464	Marionette	INFO	Marionette enabled
console.warn: SearchSettings: "get: No settings file exists, new profile?" (new Error("", "(unknown module)"))
1625893876457	Marionette	INFO	Listening on port 37605
1625893876652	Marionette	WARN	TLS certificate errors will be ignored for this session
1625893879437	Marionette	WARN	Ignoring event 'pageshow' because document has an invalid readyState of 'uninitialized'.
1625893996238	Marionette	INFO	Stopped listening on port 37605

###!!! [Parent][RunMessage] Error: Channel closing: too late to send/recv, messages will be lost

1625894368902	geckodriver	INFO	Listening on 127.0.0.1:34815
1625894369772	mozrunner::runner	INFO	Running command: "/usr/bin/firefox" "--marionette" "--no-sandbox" "--disable-dev-shm-usage" "-foreground" "-no-remote" "-profile" "/tmp/rust_mozprofile8tLTiy"
[GFX1-]: glxtest: libpci missing
[GFX1-]: No GPUs detected via PCI
1625894372069	Marionette	INFO	Marionette enabled
console.warn: SearchSettings: "get: No settings file exists, new profile?" (new Error("", "(unknown module)"))
1625894382855	Marionette	INFO	Listening on port 45539
1625894383226	Marionette	WARN	TLS certificate errors will be ignored for this session
1625894386046	Marionette	WARN	Ignoring event 'pageshow' because document has an invalid readyState of 'uninitialized'.
1625918378981	geckodriver	INFO	Listening on 127.0.0.1:37427
1625918379853	mozrunner::runner	INFO	Running command: "/usr/bin/firefox" "--marionette" "--no-sandbox" "--disable-dev-shm-usage" "-foreground" "-no-remote" "-profile" "/tmp/rust_mozprofilesx6HhY"
[GFX1-]: glxtest: libpci missing
[GFX1-]: No GPUs detected via PCI
1625918387919	Marionette	INFO	Marionette enabled
console.warn: SearchSettings: "get: No settings file exists, new profile?" (new Error("", "(unknown module)"))
1625918398705	Marionette	INFO	Listening on port 37113
1625918398845	Marionette	WARN	TLS certificate errors will be ignored for this session
1625918401166	Marionette	WARN	Ignoring event 'pageshow' because document has an invalid readyState of 'uninitialized'.
JavaScript warning: https://accounts.google.com/ServiceLogin?hl=en&passive=true&continue=https://www.google.com/&ec=GAZAAQ line 1 > eval line 4440 > eval line 1 > eval, line 1: Failed to create WebGL context: WebGL creation failed: 
* tryNativeGL
* Exhausted GL driver options.
1625918520977	geckodriver	INFO	Listening on 127.0.0.1:60789
1625918521822	mozrunner::runner	INFO	Running command: "/usr/bin/firefox" "--marionette" "--no-sandbox" "--disable-dev-shm-usage" "-foreground" "-no-remote" "-profile" "/tmp/rust_mozprofileOKfcyL"
[GFX1-]: glxtest: libpci missing
[GFX1-]: No GPUs detected via PCI
1625918524314	Marionette	INFO	Marionette enabled
1625922890495	geckodriver	INFO	Listening on 127.0.0.1:48827
1625922891326	mozrunner::runner	INFO	Running command: "/usr/bin/firefox" "--marionette" "--no-sandbox" "--disable-dev-shm-usage" "-foreground" "-no-remote" "-profile" "/tmp/rust_mozprofile0grt7F"
[GFX1-]: glxtest: libpci missing
[GFX1-]: No GPUs detected via PCI
1625922929702	Marionette	INFO	Marionette enabled
Exiting due to channel error.
1625923030023	geckodriver	INFO	Listening on 127.0.0.1:55833
1625923030953	mozrunner::runner	INFO	Running command: "/usr/bin/firefox" "--marionette" "--no-sandbox" "--disable-dev-shm-usage" "-foreground" "-no-remote" "-profile" "/tmp/rust_mozprofileFPCIPj"
[GFX1-]: glxtest: libpci missing
[GFX1-]: No GPUs detected via PCI
1625923038854	Marionette	INFO	Marionette enabled
console.warn: SearchSettings: "get: No settings file exists, new profile?" (new Error("", "(unknown module)"))
console.error: Region.jsm: "Error fetching region" (new Error("TIMEOUT", "resource://gre/modules/Region.jsm", 772))
console.error: Region.jsm: "Failed to fetch region" (new Error("TIMEOUT", "resource://gre/modules/Region.jsm", 419))
1625923084894	Marionette	INFO	Listening on port 34079
1625923085337	Marionette	WARN	TLS certificate errors will be ignored for this session
1625923095374	Marionette	WARN	Ignoring event 'pageshow' because document has an invalid readyState of 'uninitialized'.
1625923190871	geckodriver	INFO	Listening on 127.0.0.1:53407
1625923191772	mozrunner::runner	INFO	Running command: "/usr/bin/firefox" "--marionette" "--no-sandbox" "--disable-dev-shm-usage" "-foreground" "-no-remote" "-profile" "/tmp/rust_mozprofileyeVBkv"
[GFX1-]: glxtest: libpci missing
[GFX1-]: No GPUs detected via PCI
1625923202710	Marionette	INFO	Marionette enabled
console.warn: SearchSettings: "get: No settings file exists, new profile?" (new Error("", "(unknown module)"))
1625923216622	Marionette	INFO	Listening on port 44729
1625923216927	Marionette	WARN	TLS certificate errors will be ignored for this session
JavaScript warning: https://accounts.google.com/ServiceLogin?hl=en&passive=true&continue=https://www.google.com/&ec=GAZAAQ line 1 > eval line 4157 > eval, line 1: Failed to create WebGL context: WebGL creation failed: 
* tryNativeGL
* Exhausted GL driver options.
JavaScript warning: https://accounts.google.com/ServiceLogin?hl=en&passive=true&continue=https://www.google.com/&ec=GAZAAQ line 1 > eval line 5794 > eval, line 1: Failed to create WebGL context: WebGL creation failed: 
* tryNativeGL
* Exhausted GL driver options.
JavaScript warning: https://www.google.com/js/bg/rHFBlN4oL05Ux9gYvr7a9rbt1s0P-Z7gKSgB9mRTgDU.js line 1 > eval line 22 > eval, line 1: Failed to create WebGL context: WebGL creation failed: 
* tryNativeGL
* Exhausted GL driver options.
1625923444186	geckodriver	INFO	Listening on 127.0.0.1:34409
1625923445190	mozrunner::runner	INFO	Running command: "/usr/bin/firefox" "--marionette" "--no-sandbox" "--disable-dev-shm-usage" "-foreground" "-no-remote" "-profile" "/tmp/rust_mozprofileCTCWu6"
[GFX1-]: glxtest: libpci missing
[GFX1-]: No GPUs detected via PCI
1625923449032	Marionette	INFO	Marionette enabled
console.warn: SearchSettings: "get: No settings file exists, new profile?" (new Error("", "(unknown module)"))
1625923465557	Marionette	INFO	Listening on port 35775
1625923465922	Marionette	WARN	TLS certificate errors will be ignored for this session
JavaScript warning: https://accounts.google.com/ServiceLogin?hl=en&passive=true&continue=https://www.google.com/&ec=GAZAAQ line 1 > eval line 7302 > eval, line 1: Failed to create WebGL context: WebGL creation failed: 
* tryNativeGL
* Exhausted GL driver options.
1625923492960	Marionette	WARN	Ignoring event 'pageshow' because document has an invalid readyState of 'uninitialized'.

###!!! [Child][MessageChannel] Error: (msgtype=0x5D0009,name=PHttpChannel::Msg_DeletingChannel) Channel closing: too late to send/recv, messages will be lost


###!!! [Parent][RunMessage] Error: Channel closing: too late to send/recv, messages will be lost

1625923614527	geckodriver	INFO	Listening on 127.0.0.1:59549
1625923615406	mozrunner::runner	INFO	Running command: "/usr/bin/firefox" "--marionette" "--no-sandbox" "--disable-dev-shm-usage" "-foreground" "-no-remote" "-profile" "/tmp/rust_mozprofile8usJeB"
[GFX1-]: glxtest: libpci missing
[GFX1-]: No GPUs detected via PCI
1625923619307	Marionette	INFO	Marionette enabled
console.warn: SearchSettings: "get: No settings file exists, new profile?" (new Error("", "(unknown module)"))
1625923636363	Marionette	INFO	Listening on port 44625
1625923637540	Marionette	WARN	TLS certificate errors will be ignored for this session
JavaScript warning: https://accounts.google.com/ServiceLogin?hl=en&passive=true&continue=https://www.google.com/&ec=GAZAAQ line 1 > eval line 1319 > eval line 1 > eval, line 1: Failed to create WebGL context: WebGL creation failed: 
* tryNativeGL
* Exhausted GL driver options.
1625923784712	FirefoxAccounts	ERROR	FxA rejecting with error UNVERIFIED_ACCOUNT, details: undefined
1625923784716	FirefoxAccounts	ERROR	Background refresh of initial profile failed: Error: UNVERIFIED_ACCOUNT(resource://gre/modules/FxAccounts.jsm:1524:18) JS Stack trace: _error@FxAccounts.jsm:1524:18
withSessionToken@FxAccounts.jsm:788:18
console.info: "Skipping device list refresh; not signed in"
1625923784752	FirefoxAccounts	ERROR	FxA rejecting with error UNVERIFIED_ACCOUNT, details: undefined
1625923784752	FirefoxAccounts	ERROR	Background refresh of initial profile failed: Error: UNVERIFIED_ACCOUNT(resource://gre/modules/FxAccounts.jsm:1524:18) JS Stack trace: _error@FxAccounts.jsm:1524:18
withSessionToken@FxAccounts.jsm:788:18
1625923785450	FirefoxAccounts	ERROR	FxA rejecting with error UNVERIFIED_ACCOUNT, details: undefined
1625923785451	FirefoxAccounts	ERROR	Background refresh of initial profile failed: Error: UNVERIFIED_ACCOUNT(resource://gre/modules/FxAccounts.jsm:1524:18) JS Stack trace: _error@FxAccounts.jsm:1524:18
withSessionToken@FxAccounts.jsm:788:18
1625923785523	FirefoxAccounts	ERROR	FxA rejecting with error UNVERIFIED_ACCOUNT, details: undefined
1625923785534	FirefoxAccounts	ERROR	Background refresh of initial profile failed: Error: UNVERIFIED_ACCOUNT(resource://gre/modules/FxAccounts.jsm:1524:18) JS Stack trace: _error@FxAccounts.jsm:1524:18
withSessionToken@FxAccounts.jsm:788:18
1625923785537	FirefoxAccounts	ERROR	Background refresh of initial profile failed: Error: UNVERIFIED_ACCOUNT(resource://gre/modules/FxAccounts.jsm:1524:18) JS Stack trace: _error@FxAccounts.jsm:1524:18
withSessionToken@FxAccounts.jsm:788:18
console.info: "Skipping device list refresh; not signed in"

(firefox:877): libnotify-WARNING **: 13:30:45.323: Failed to connect to proxy

(firefox:877): Gtk-CRITICAL **: 13:30:45.354: gtk_widget_get_window: assertion 'GTK_IS_WIDGET (widget)' failed

(firefox:877): Gtk-CRITICAL **: 13:30:45.987: gtk_widget_get_window: assertion 'GTK_IS_WIDGET (widget)' failed
JavaScript warning: https://accounts.google.com/ServiceLogin?hl=en&passive=true&continue=https://www.google.com/&ec=GAZAAQ line 1 > eval line 2079 > eval line 1 > eval, line 1: Failed to create WebGL context: WebGL creation failed: 
* tryNativeGL
* Exhausted GL driver options.
1625923917051	geckodriver	INFO	Listening on 127.0.0.1:33071
1625923917876	mozrunner::runner	INFO	Running command: "/usr/bin/firefox" "--marionette" "--no-sandbox" "--disable-dev-shm-usage" "-foreground" "-no-remote" "-profile" "/tmp/rust_mozprofileOSyepq"
[GFX1-]: glxtest: libpci missing
[GFX1-]: No GPUs detected via PCI
1625923922987	Marionette	INFO	Marionette enabled
console.warn: SearchSettings: "get: No settings file exists, new profile?" (new Error("", "(unknown module)"))
1625923939762	Marionette	INFO	Listening on port 37533
1625923939929	Marionette	WARN	TLS certificate errors will be ignored for this session
JavaScript warning: https://accounts.google.com/ServiceLogin?hl=en&passive=true&continue=https://www.google.com/&ec=GAZAAQ line 1 > eval line 7770 > eval, line 1: Failed to create WebGL context: WebGL creation failed: 
* tryNativeGL
* Exhausted GL driver options.
1625924623380	geckodriver	INFO	Listening on 127.0.0.1:54027
1625924623390	mozrunner::runner	INFO	Running command: "/usr/bin/firefox" "--marionette" "--no-sandbox" "--disable-dev-shm-usage" "-foreground" "-no-remote" "-profile" "/tmp/rust_mozprofileBtCkex"
[GFX1-]: glxtest: libpci missing
[GFX1-]: No GPUs detected via PCI
1625924626019	Marionette	INFO	Marionette enabled
console.warn: SearchSettings: "get: No settings file exists, new profile?" (new Error("", "(unknown module)"))
1625924639942	Marionette	INFO	Listening on port 36869
1625924640148	Marionette	WARN	TLS certificate errors will be ignored for this session
JavaScript warning: https://accounts.google.com/ServiceLogin?hl=en&passive=true&continue=https://www.google.com/&ec=GAZAAQ line 1 > eval line 1565 > eval line 1 > eval, line 1: Failed to create WebGL context: WebGL creation failed: 
* tryNativeGL
* Exhausted GL driver options.
1625924697139	geckodriver	INFO	Listening on 127.0.0.1:41775
1625924698147	mozrunner::runner	INFO	Running command: "/usr/bin/firefox" "--marionette" "--no-sandbox" "--disable-dev-shm-usage" "-foreground" "-no-remote" "-profile" "/tmp/rust_mozprofilepIrCTy"
[GFX1-]: glxtest: libpci missing
[GFX1-]: No GPUs detected via PCI
1625924700305	Marionette	INFO	Marionette enabled
console.warn: SearchSettings: "get: No settings file exists, new profile?" (new Error("", "(unknown module)"))
1625924711233	Marionette	INFO	Listening on port 46137
1625924711617	Marionette	WARN	TLS certificate errors will be ignored for this session
JavaScript warning: https://accounts.google.com/ServiceLogin?hl=en&passive=true&continue=https://www.google.com/&ec=GAZAAQ line 1 > eval line 6368 > eval, line 1: Failed to create WebGL context: WebGL creation failed: 
* tryNativeGL
* Exhausted GL driver options.
1625924742263	geckodriver	INFO	Listening on 127.0.0.1:57757
1625924743248	mozrunner::runner	INFO	Running command: "/usr/bin/firefox" "--marionette" "--no-sandbox" "--disable-dev-shm-usage" "-foreground" "-no-remote" "-profile" "/tmp/rust_mozprofileN2XfeA"
[GFX1-]: glxtest: libpci missing
[GFX1-]: No GPUs detected via PCI
1625924745791	Marionette	INFO	Marionette enabled
1625931012906	geckodriver	INFO	Listening on 127.0.0.1:39583
1625931013897	mozrunner::runner	INFO	Running command: "/usr/bin/firefox" "--marionette" "--no-sandbox" "--disable-dev-shm-usage" "-foreground" "-no-remote" "-profile" "/tmp/rust_mozprofileX0w9Mc"
[GFX1-]: glxtest: libpci missing
[GFX1-]: No GPUs detected via PCI
1625931029073	Marionette	INFO	Marionette enabled
console.warn: SearchSettings: "get: No settings file exists, new profile?" (new Error("", "(unknown module)"))
1625931042321	Marionette	INFO	Listening on port 46793
1625931042696	Marionette	WARN	TLS certificate errors will be ignored for this session
JavaScript warning: https://accounts.google.com/ServiceLogin?hl=en&passive=true&continue=https://www.google.com/&ec=GAZAAQ line 1 > eval line 850 > eval, line 1: Failed to create WebGL context: WebGL creation failed: 
* tryNativeGL
* Exhausted GL driver options.
1625931292362	geckodriver	INFO	Listening on 127.0.0.1:34941
1625931293368	mozrunner::runner	INFO	Running command: "/usr/bin/firefox" "--marionette" "--no-sandbox" "--disable-dev-shm-usage" "-foreground" "-no-remote" "-profile" "/tmp/rust_mozprofilePAbS4x"
[GFX1-]: glxtest: libpci missing
[GFX1-]: No GPUs detected via PCI
1625931295921	Marionette	INFO	Marionette enabled
console.warn: SearchSettings: "get: No settings file exists, new profile?" (new Error("", "(unknown module)"))
1625931306344	Marionette	INFO	Listening on port 43745
1625931306544	Marionette	WARN	TLS certificate errors will be ignored for this session
1625931306735	geckodriver	INFO	Listening on 127.0.0.1:39397
1625931307728	mozrunner::runner	INFO	Running command: "/usr/bin/firefox" "--marionette" "--no-sandbox" "--disable-dev-shm-usage" "--private" "-foreground" "-no-remote" "-profile" "/tmp/rust_mozprofilekRCSn3"
[GFX1-]: glxtest: libpci missing
[GFX1-]: No GPUs detected via PCI
1625931309444	Marionette	INFO	Marionette enabled
console.warn: SearchSettings: "get: No settings file exists, new profile?" (new Error("", "(unknown module)"))
JavaScript error: resource://gre/modules/XULStore.jsm, line 66: Error: Can't find profile directory.
1625931322732	Marionette	INFO	Listening on port 43945
1625931323333	Marionette	WARN	TLS certificate errors will be ignored for this session
1625931387734	geckodriver	INFO	Listening on 127.0.0.1:35239
1625931388614	mozrunner::runner	INFO	Running command: "/usr/bin/firefox" "--marionette" "--no-sandbox" "--disable-dev-shm-usage" "-foreground" "-no-remote" "-profile" "/tmp/rust_mozprofilecXF8YV"
[GFX1-]: glxtest: libpci missing
[GFX1-]: No GPUs detected via PCI
1625931394255	Marionette	INFO	Marionette enabled
console.warn: SearchSettings: "get: No settings file exists, new profile?" (new Error("", "(unknown module)"))
1625931405629	Marionette	INFO	Listening on port 35311
1625931405848	Marionette	WARN	TLS certificate errors will be ignored for this session
1625931406012	geckodriver	INFO	Listening on 127.0.0.1:36185
1625931406948	mozrunner::runner	INFO	Running command: "/usr/bin/firefox" "--marionette" "--no-sandbox" "--disable-dev-shm-usage" "--private" "-foreground" "-no-remote" "-profile" "/tmp/rust_mozprofilelc1kX1"
[GFX1-]: glxtest: libpci missing
[GFX1-]: No GPUs detected via PCI
1625931408754	Marionette	INFO	Marionette enabled
JavaScript error: resource://gre/modules/XULStore.jsm, line 66: Error: Can't find profile directory.
console.warn: SearchSettings: "get: No settings file exists, new profile?" (new Error("", "(unknown module)"))
1625931421859	Marionette	INFO	Listening on port 38381
1625931422424	Marionette	WARN	TLS certificate errors will be ignored for this session
JavaScript warning: https://accounts.google.com/ServiceLogin?hl=en&passive=true&continue=https://www.google.com/&ec=GAZAAQ line 1 > eval line 5101 > eval, line 1: Failed to create WebGL context: WebGL creation failed: 
* tryNativeGL
* Exhausted GL driver options.
1625931482456	geckodriver	INFO	Listening on 127.0.0.1:43877
1625931483296	mozrunner::runner	INFO	Running command: "/usr/bin/firefox" "--marionette" "--no-sandbox" "--disable-dev-shm-usage" "--private" "-foreground" "-no-remote" "-profile" "/tmp/rust_mozprofileDwAgd2"
[GFX1-]: glxtest: libpci missing
[GFX1-]: No GPUs detected via PCI
1625931489368	Marionette	INFO	Marionette enabled
console.warn: SearchSettings: "get: No settings file exists, new profile?" (new Error("", "(unknown module)"))
JavaScript error: resource://gre/modules/XULStore.jsm, line 66: Error: Can't find profile directory.
1625931501514	Marionette	INFO	Listening on port 44069
1625931501826	Marionette	WARN	TLS certificate errors will be ignored for this session
JavaScript warning: https://accounts.google.com/ServiceLogin?hl=en&passive=true&continue=https://www.google.com/&ec=GAZAAQ line 1 > eval line 7139 > eval line 1 > eval, line 1: Failed to create WebGL context: WebGL creation failed: 
* tryNativeGL
* Exhausted GL driver options.
1625931769618	geckodriver	INFO	Listening on 127.0.0.1:49413
1625931770352	mozrunner::runner	INFO	Running command: "/usr/bin/firefox" "--marionette" "--no-sandbox" "--disable-dev-shm-usage" "--private" "-foreground" "-no-remote" "-profile" "/tmp/rust_mozprofileVOxVgg"
1626063009037	geckodriver	INFO	Listening on 127.0.0.1:46953
1626063009977	mozrunner::runner	INFO	Running command: "/usr/bin/firefox" "--marionette" "--no-sandbox" "--disable-dev-shm-usage" "--private" "-foreground" "-no-remote" "-profile" "/tmp/rust_mozprofileIbzkIi"
[GFX1-]: glxtest: libpci missing
[GFX1-]: No GPUs detected via PCI
1626063017921	Marionette	INFO	Marionette enabled
console.warn: SearchSettings: "get: No settings file exists, new profile?" (new Error("", "(unknown module)"))
